d:\programas\opengl\learnopengl-master\learnopengl\debug\vc141.pdb
d:\programas\opengl\learnopengl-master\learnopengl\debug\vc141.idb
d:\programas\opengl\learnopengl-master\learnopengl\debug\glad.obj
d:\programas\opengl\learnopengl-master\learnopengl\debug\main.obj
d:\programas\opengl\learnopengl-master\learnopengl\debug\imgui_widgets.obj
d:\programas\opengl\learnopengl-master\learnopengl\debug\imgui_draw.obj
d:\programas\opengl\learnopengl-master\learnopengl\debug\imgui.obj
d:\programas\opengl\learnopengl-master\learnopengl\debug\imgui_impl_win32.obj
d:\programas\opengl\learnopengl-master\learnopengl\debug\imgui_impl_opengl3.obj
d:\programas\opengl\learnopengl-master\learnopengl\debug\imgui_impl_glfw.obj
d:\programas\opengl\learnopengl-master\debug\learnopengl.pdb
d:\programas\opengl\learnopengl-master\learnopengl\debug\learnopengl.tlog\cl.command.1.tlog
d:\programas\opengl\learnopengl-master\learnopengl\debug\learnopengl.tlog\cl.read.1.tlog
d:\programas\opengl\learnopengl-master\learnopengl\debug\learnopengl.tlog\cl.write.1.tlog
d:\programas\opengl\learnopengl-master\learnopengl\debug\learnopengl.tlog\link-cvtres.read.1.tlog
d:\programas\opengl\learnopengl-master\learnopengl\debug\learnopengl.tlog\link-cvtres.write.1.tlog
d:\programas\opengl\learnopengl-master\learnopengl\debug\learnopengl.tlog\link-rc.read.1.tlog
d:\programas\opengl\learnopengl-master\learnopengl\debug\learnopengl.tlog\link-rc.write.1.tlog
d:\programas\opengl\learnopengl-master\learnopengl\debug\learnopengl.tlog\link.63976-cvtres.read.1.tlog
d:\programas\opengl\learnopengl-master\learnopengl\debug\learnopengl.tlog\link.63976-cvtres.write.1.tlog
d:\programas\opengl\learnopengl-master\learnopengl\debug\learnopengl.tlog\link.63976-rc.read.1.tlog
d:\programas\opengl\learnopengl-master\learnopengl\debug\learnopengl.tlog\link.63976-rc.write.1.tlog
d:\programas\opengl\learnopengl-master\learnopengl\debug\learnopengl.tlog\link.63976.read.1.tlog
d:\programas\opengl\learnopengl-master\learnopengl\debug\learnopengl.tlog\link.63976.write.1.tlog
d:\programas\opengl\learnopengl-master\learnopengl\debug\learnopengl.tlog\link.command.1.tlog
d:\programas\opengl\learnopengl-master\learnopengl\debug\learnopengl.tlog\link.read.1.tlog
d:\programas\opengl\learnopengl-master\learnopengl\debug\learnopengl.tlog\link.write.1.tlog
