d:\programas\opengl\navierstokes\learnopengl\release\vc141.pdb
d:\programas\opengl\navierstokes\learnopengl\release\glad.obj
d:\programas\opengl\navierstokes\learnopengl\release\main.obj
d:\programas\opengl\navierstokes\learnopengl\release\imgui_widgets.obj
d:\programas\opengl\navierstokes\learnopengl\release\imgui_draw.obj
d:\programas\opengl\navierstokes\learnopengl\release\imgui.obj
d:\programas\opengl\navierstokes\learnopengl\release\imgui_impl_win32.obj
d:\programas\opengl\navierstokes\learnopengl\release\imgui_impl_opengl3.obj
d:\programas\opengl\navierstokes\learnopengl\release\imgui_impl_glfw.obj
d:\programas\opengl\navierstokes\release\learnopengl.ipdb
d:\programas\opengl\navierstokes\release\learnopengl.iobj
d:\programas\opengl\navierstokes\release\learnopengl.exe
d:\programas\opengl\navierstokes\release\learnopengl.pdb
d:\programas\opengl\navierstokes\learnopengl\release\learnopengl.tlog\cl.command.1.tlog
d:\programas\opengl\navierstokes\learnopengl\release\learnopengl.tlog\cl.read.1.tlog
d:\programas\opengl\navierstokes\learnopengl\release\learnopengl.tlog\cl.write.1.tlog
d:\programas\opengl\navierstokes\learnopengl\release\learnopengl.tlog\learnopengl.write.1u.tlog
d:\programas\opengl\navierstokes\learnopengl\release\learnopengl.tlog\link.command.1.tlog
d:\programas\opengl\navierstokes\learnopengl\release\learnopengl.tlog\link.read.1.tlog
d:\programas\opengl\navierstokes\learnopengl\release\learnopengl.tlog\link.write.1.tlog
