  main.cpp
d:\programas\opengl\navierstokes\learnopengl\shader.h(65): warning C4101: 'infoLog': unreferenced local variable
d:\programas\opengl\navierstokes\learnopengl\shader.h(64): warning C4101: 'success': unreferenced local variable
d:\programas\opengl\navierstokes\learnopengl\main.cpp(30): warning C4244: 'initializing': conversion from 'time_t' to 'int', possible loss of data
d:\programas\opengl\navierstokes\learnopengl\main.cpp(166): warning C4129: 'V': unrecognized character escape sequence
d:\programas\opengl\navierstokes\learnopengl\main.cpp(166): warning C4129: 'B': unrecognized character escape sequence
d:\programas\opengl\navierstokes\learnopengl\main.cpp(192): warning C4244: 'argument': conversion from 'double' to 'int', possible loss of data
d:\programas\opengl\navierstokes\learnopengl\main.cpp(298): warning C4305: 'initializing': truncation from 'double' to 'float'
d:\programas\opengl\navierstokes\learnopengl\main.cpp(728): warning C4244: 'initializing': conversion from 'double' to 'float', possible loss of data
d:\programas\opengl\navierstokes\learnopengl\main.cpp(737): warning C4244: 'argument': conversion from 'int' to 'float', possible loss of data
d:\programas\opengl\navierstokes\learnopengl\main.cpp(782): warning C4244: 'argument': conversion from 'double' to 'float', possible loss of data
d:\programas\opengl\navierstokes\learnopengl\main.cpp(807): warning C4244: 'argument': conversion from 'int' to 'float', possible loss of data
d:\programas\opengl\navierstokes\learnopengl\main.cpp(809): warning C4244: 'argument': conversion from 'double' to 'float', possible loss of data
d:\programas\opengl\navierstokes\learnopengl\main.cpp(811): warning C4244: 'argument': conversion from 'double' to 'float', possible loss of data
d:\programas\opengl\navierstokes\learnopengl\main.cpp(865): warning C4244: 'argument': conversion from 'int' to 'float', possible loss of data
d:\programas\opengl\navierstokes\learnopengl\main.cpp(867): warning C4244: 'argument': conversion from 'double' to 'float', possible loss of data
d:\programas\opengl\navierstokes\learnopengl\main.cpp(893): warning C4244: 'argument': conversion from 'int' to 'float', possible loss of data
d:\programas\opengl\navierstokes\learnopengl\main.cpp(895): warning C4244: 'argument': conversion from 'double' to 'float', possible loss of data
d:\programas\opengl\navierstokes\learnopengl\main.cpp(916): warning C4244: 'argument': conversion from 'int' to 'float', possible loss of data
d:\programas\opengl\navierstokes\learnopengl\main.cpp(950): warning C4244: '=': conversion from 'time_t' to 'int', possible loss of data
LINK : warning LNK4098: defaultlib 'MSVCRTD' conflicts with use of other libs; use /NODEFAULTLIB:library
  Generating code
  1 of 1615 functions (<0.1%) were compiled, the rest were copied from previous compilation.
    0 functions were new in current compilation
    6 functions had inline decision re-evaluated but remain unchanged
  Finished generating code
  LearnOpenGL.vcxproj -> D:\Programas\OpenGL\NavierStokes\Release\LearnOpenGL.exe
